# callgrind format
version: 1
creator: callgrind-3.25.1
pid: 16009
cmd:  /home/georgekonrad/Desktop/HPC_Matrices/MultiplicaciónMatrices/matrix_multiply_openmp_profile 300
part: 1


desc: I1 cache: 
desc: D1 cache: 
desc: LL cache: 

desc: Timerange: Basic block 0 - 42202176
desc: Trigger: Program termination

positions: line
events: Ir
summary: 231288642


ob=(1) /usr/lib/ld-linux-x86-64.so.2
fl=(1) ???
fn=(562) 0x0000000000014790
0 66

ob=(2) /usr/lib/libc.so.6
fl=(2) ???
fn=(3124) wcpncpy
0 7

ob=(1)
fl=(1)
fn=(562)
0 168

fn=(654) 0x000000000001bec0
0 313

fn=(2798) 0x0000000000011ec0
0 96
cfn=(3230) 0x0000000000024fa0
calls=4 0 
0 24
0 38

ob=(2)
fl=(2)
fn=(3124)
0 11

fn=(3164) index
0 42

fn=(3166) rindex
0 25

fn=(3170) stpncpy
0 21

fn=(3190) strcasecmp_l
0 22

fn=(3192) strlen
0 50

fn=(3200) strspn
0 7

fn=(3664) 0x00000000000995c0
0 11
cob=(1)
cfi=(1)
cfn=(220) __tunable_get_val
calls=1 0 
0 18
0 4
cob=(1)
cfi=(1)
cfn=(220)
calls=1 0 
0 17
0 4
cob=(1)
cfi=(1)
cfn=(220)
calls=1 0 
0 18
0 6

fn=(3674) 0x0000000000041e20
0 16

ob=(1)
fl=(1)
fn=(2798)
0 22
cfn=(2802) 0x000000000000f620
calls=4 0 
0 174182
0 12

fn=(2900) 0x000000000000b8f0
0 33990
cfn=(2920) 0x000000000000ad70
calls=237 0 
0 99046
0 8954

fn=(3260) 0x0000000000013d30
0 54

fn=(3552) 0x000000000000c530
0 136
cfn=(3564) 0x000000000000c450
calls=3 0 
0 433
0 42

fn=(3608) 0x000000000001c9f0
0 60
cfn=(2900)
calls=4 0 
0 2215
0 96

fn=(3732) 0x000000000001e700
0 2

fn=(4382) 0x0000000000011ef0
0 787
cfn=(2900)
calls=3 0 
0 1821
0 90
cfn=(2900)
calls=10 0 
0 5921
0 495
cob=(2)
cfi=(2)
cfn=(4698) time
calls=1 0 
0 7
0 3

fn=(1180) 0x00000000000036d0
0 21

fn=(1312) 0x000000000001ee60
0 19
cfn=(1314) 0x0000000000002580
calls=1 0 
0 2737
0 12

fn=(1756) 0x0000000000024ba0
0 24

fn=(1866) 0x0000000000003850
0 155
cfn=(718) 0x000000000000c6e0
calls=3 0 
0 54
0 24
cfn=(732) 0x0000000000025dc0
calls=3 0 
0 33
0 18
cfn=(732)
calls=3 0 
0 33
0 321
cfn=(1386) 0x0000000000007420
calls=4 0 
0 180
0 32
cfn=(1316) _dl_catch_exception
calls=4 0 
0 10583
0 690
cfn=(718)
calls=1 0 
0 18
0 96
cfn=(2350) 0x00000000000127b0
calls=1 0 
0 312
0 64
cfn=(2272) 0x0000000000024dd0
calls=3 0 
0 75
0 16
cfn=(732)
calls=1 0 
0 19
0 5

fn=(1924) 0x0000000000007c50
0 48

fn=(2004) 0x00000000000158b0
0 310
cfn=(2012) 0x00000000000157c0
calls=18 0 
0 1340
0 118
cfn=(2012)
calls=2 0 
0 142
0 100

fn=(2118) 0x0000000000025000
0 21
cfn=(220)
calls=1 0 
0 18
0 11

fn=(164) 0x00000000000147b0
0 14045

fn=(358) 0x0000000000017700
0 372
cfn=(364) 0x0000000000017450
calls=12 0 
0 4140
0 84
cfn=(364)
calls=12 0 
0 1319
0 24

fn=(772) 0x0000000000014020
0 18

fn=(892) 0x0000000000026980
0 12424

ob=(2)
fl=(2)
fn=(3674)
0 2

fn=(3842) 0x00000000001711b0
0 62

fn=(3906) 0x0000000000110fd0
0 21
cob=(3) ???
cfi=(3) ???
cfn=(3908) 0x00000000048ed210
calls=1 0 
0 7
0 27
cfn=(3922) 0x000000000016c580
calls=1 0 
0 13
0 10
cfn=(3936) __read_nocancel
calls=1 0 
0 6
0 11
cob=(3)
cfi=(3)
cfn=(3908)
calls=1 0 
0 21
0 2

fn=(3922)
0 358

fn=(4270) __ctype_b_loc
0 4

fn=(4474) _IO_file_xsputn
0 81
cfn=(4500) 0x000000000016c540
calls=2 0 
0 28
0 49
cfn=(4476) _IO_file_overflow
calls=1 0 
0 297
0 20
cfn=(4498) _IO_default_xsputn
calls=1 0 
0 59
0 3

fn=(4512) printf
0 59
cfn=(4514) 0x0000000000066db0
calls=1 0 
0 1365
0 30
cfn=(4514)
calls=2 0 
0 1479
0 15

fn=(4712) srand
0 12
cfn=(4714) srandom_r
calls=1 0 
0 10584
0 6

fn=(4956) 0x000000000011a290
0 16

fn=(5016) 0x000000000008ae60
0 161
cfn=(4534) 0x0000000000064210
calls=7 0 
0 3115
0 42
cfn=(4668) 0x000000000005b1b0
calls=7 0 
0 126
0 42

fn=(5652) 0x00000000000933d0
0 6
cfn=(5654) 0x0000000000093340
calls=1 0 
0 48
0 6

fn=(3148) wcslen
0 20

fn=(3172) wmemchr
0 42

fn=(3196) memmove
0 44

fn=(3198) memchr
0 21

fn=(3900) __open_nocancel
0 27

fn=(4282) secure_getenv
0 12
cfn=(4274) getenv
calls=2 0 
0 790

fn=(4360) __sigsetjmp
0 224

fn=(4668)
0 126

fn=(4702) 0x00000000000d6890
0 6

fn=(4754) clock_gettime
0 22

fn=(4840) 0x00000000000a4160
0 34

fn=(4882) realloc
0 6
cfn=(4058) malloc
calls=1 0 
0 172

fn=(4890) madvise
0 42

fn=(4996) 0x0000000000096680
0 147
cfn=(3660) __ctype_init
calls=7 0 
0 119
0 21
cfn=(5004) 0x0000000000096590
calls=7 0 
0 4186
0 84
cfn=(4358) _setjmp
calls=7 0 
0 217
0 196
cob=(5) /usr/lib/libgomp.so.1.0.0
cfi=(13) /usr/src/debug/gcc/gcc/libgomp/team.c
cfn=(5082) gomp_thread_start
calls=7 71 
0 190264220

fn=(5188) 0x000000000005b910
0 130
cfn=(5250) __libc_alloca_cutoff
calls=1 0 
0 11
0 63
cfn=(5264) 0x000000000005b7c0
calls=4 0 
0 196
0 39
cfn=(5198) 0x0000000000055ac0
calls=1 0 
0 21
0 11
cfn=(5264)
calls=1 0 
0 49
0 50
cfn=(4546) 0x000000000005b6f0
calls=1 0 
0 53
0 12
cfn=(5224) 0x0000000000054620
calls=1 0 
0 16
0 35
cfn=(5264)
calls=1 0 
0 49
0 32

fn=(5224)
0 16

fn=(5386) 0x00000000000937b0
0 30

fn=(5580) pthread_key_delete
0 32

fn=(5638) _IO_flush_all
0 16
cfn=(5138) 0x0000000000093760
calls=1 0 
0 13
0 139
cfn=(4476)
calls=1 0 
0 197
0 37
cfn=(5386)
calls=1 0 
0 10
0 15

fn=(5648) _IO_file_write
0 15
cfn=(5650) write
calls=1 0 
0 72
0 24

fn=(4594) 0x0000000000059c80
0 686

fn=(3176) strcasecmp
0 44

fn=(3186) bcmp
0 50

fn=(3936)
0 6

fn=(4112) __default_morecore
0 60
cfn=(4114) sbrk
calls=10 0 
0 340
0 40

fn=(4114)
0 187
cfn=(4116) brk
calls=9 0 
0 81
0 57
cfn=(4116)
calls=1 0 
0 9
0 6

fn=(4358)
0 24
cfn=(4360)
calls=8 0 
0 224

fn=(4496) _IO_do_write
0 13
cfn=(5640) 0x000000000008cb40
calls=1 0 
0 161
0 6

fn=(4538) 0x000000000016e960
0 399

fn=(4546)
0 416

ob=(1)
fl=(1)
fn=(892)
0 6667

fn=(1138) 0x0000000000025db0
0 345

fn=(2622) 0x0000000000028180
0 50

fn=(2664) 0x000000000001f6c0
0 14
cfn=(714) 0x000000000000c830
calls=1 0 
0 29
0 5
cfn=(2670) 0x00000000000131f0
calls=1 0 
0 73
0 1
cfn=(2680) 0x00000000000133f0
calls=1 0 
0 195
0 1
cfn=(2708) 0x0000000000013600
calls=1 0 
0 491
0 14
cfn=(2738) 0x0000000000014080
calls=1 0 
0 96
0 6

fn=(2784) 0x00000000000167c0
0 25

fn=(3466) 0x0000000000004fc0
0 619

fn=(3770) 0x0000000000016740
0 4

fn=(226) 0x0000000000023b70
0 8

fn=(1334) 0x000000000000ca10
0 288
cfn=(892)
calls=32 0 
0 1240
0 402
cfn=(892)
calls=38 0 
0 1582
0 236

fn=(2170) 0x0000000000013290
0 22

fn=(702) 0x000000000000cd60
0 77
cfn=(626) 0x0000000000027fe0
calls=3 0 
0 69
0 27
cfn=(714)
calls=3 0 
0 204
0 3
cfn=(714)
calls=1 0 
0 35
0 56
cfn=(732)
calls=4 0 
0 55
0 316
cfn=(626)
calls=3 0 
0 105
0 33
cfn=(1138)
calls=3 0 
0 47
0 315
cfn=(718)
calls=3 0 
0 54
0 29

fn=(718)
0 256
cfn=(1598) 0x0000000000024ef0
calls=1 0 
0 26
0 7
cfn=(2116) 0x0000000000025070
calls=1 0 
0 25
0 59

fn=(1024) 0x000000000001c4a0
0 291
cfn=(1044) 0x0000000000026750
calls=9 0 
0 216
0 90
cfn=(626)
calls=3 0 
0 51
0 18

fn=(1160) 0x0000000000025fb0
0 913

fn=(1234) 0x0000000000013380
0 6

fn=(1248) _dl_debug_state
0 4

fn=(1262) 0x000000000001fe70
0 30
cfn=(1312)
calls=1 0 
0 2768
0 6
cfn=(1268) 0x0000000000027e00
calls=1 0 
0 238
0 8
cfn=(732)
calls=1 0 
0 19
0 11

fn=(1314)
0 14
cfn=(1316)
calls=1 0 
0 2709
0 14

fn=(2368) 0x0000000000012680
0 303

fn=(2680)
0 105
cfn=(220)
calls=1 0 
0 18
0 17
cfn=(220)
calls=1 0 
0 18
0 37

fn=(2718) 0x0000000000012e80
0 72
cob=(2)
cfi=(2)
cfn=(4202) calloc
calls=7 0 
0 1855
cfn=(714)
calls=1 0 
0 29
0 88

fn=(3224) 0x000000000000f4b0
0 24
cfn=(3230)
calls=1 0 
0 6
0 5

fn=(3550) 0x000000000001cc70
0 12
cfn=(3552)
calls=1 0 
0 218
0 18
cfn=(3552)
calls=1 0 
0 194
0 14

fn=(3602) 0x000000000001cac0
0 85
cfn=(3608)
calls=1 0 
0 573
0 5
cfn=(3608)
calls=1 0 
0 562
0 5
cfn=(3608)
calls=1 0 
0 606
0 5
cfn=(3608)
calls=1 0 
0 630
0 12

fn=(3746) 0x00000000000162f0
0 9
cfn=(3750) 0x0000000000024fd0
calls=1 0 
0 6
0 4

fn=(648) 0x0000000000014030
0 17

fn=(1022) 0x000000000001c610
0 88
cfn=(1024)
calls=11 0 
0 467
0 6
cfn=(1024)
calls=3 0 
0 192
0 106
cfn=(1062) 0x000000000001c550
calls=6 0 
0 30
0 45

fn=(1252) 0x0000000000019ad0
0 5

fn=(1268)
0 238

fn=(1416) 0x0000000000006780
0 57
cfn=(1420) 0x0000000000024cd0
calls=3 0 
0 63
0 33
cfn=(1434) 0x0000000000024d70
calls=3 0 
0 18
0 160
cfn=(2208) 0x0000000000024d40
calls=1 0 
0 7
0 7

fn=(1474) 0x0000000000024a70
0 24

fn=(1960) 0x0000000000015f70
0 41
cfn=(2004)
calls=2 0 
0 2010
0 14
cfn=(626)
calls=2 0 
0 70
0 34
cfn=(732)
calls=2 0 
0 22
0 4
cfn=(1400) 0x0000000000027f80
calls=2 0 
0 166
0 11
cfn=(1966) 0x000000000000c940
calls=1 0 
0 103
0 35

fn=(2116)
0 22
cfn=(2118)
calls=2 0 
0 44
0 16

fn=(126) 0x000000000001c880
0 10

fn=(646) 0x000000000001ff90
0 22
cfn=(648)
calls=1 0 
0 17
0 11
cfn=(654)
calls=1 0 
0 307
0 2
cfn=(654)
calls=1 0 
0 6
0 87
cfn=(702)
calls=1 0 
0 285
0 13
cfn=(770) 0x000000000000ccc0
calls=1 0 
0 33
0 290
cfn=(836) 0x0000000000008030
calls=1 0 
0 54
0 154
cfn=(878) 0x0000000000004f20
calls=1 0 
0 33
0 15
cfn=(892)
calls=1 0 
0 43
0 318
cfn=(130) 0x00000000000125b0
calls=1 0 
0 27
0 10
cfn=(996) 0x0000000000007cc0
calls=1 0 
0 1509
0 3
cfn=(1180)
calls=1 0 
0 21
0 152
cfn=(1234)
calls=1 0 
0 6
0 11
cfn=(1242) 0x0000000000003690
calls=1 0 
0 11
0 4
cfn=(1252)
calls=1 0 
0 5
0 10
cfn=(1842) 0x0000000000024a40
calls=1 0 
0 9
0 21
cfn=(1866)
calls=1 0 
0 12728
0 103
cfn=(2436) 0x0000000000002320
calls=1 0 
0 11068
0 105
cfn=(2784)
calls=1 0 
0 25
0 17
cfn=(2798)
calls=1 0 
0 73033
0 104
cfn=(2798)
calls=5 0 
0 101341
0 22
cfn=(3260)
calls=2 0 
0 54
0 12
cfn=(3434) 0x0000000000013ce0
calls=1 0 
0 33
0 10
cfn=(3452) _dl_allocate_tls_init
calls=1 0 
0 262
0 6
cfn=(3462) 0x0000000000005760
calls=1 0 
0 1080
0 12
cfn=(2802)
calls=1 0 
0 260
0 6
cfn=(3550)
calls=1 0 
0 456
0 2
cfn=(3602)
calls=1 0 
0 2483
0 2
cfn=(3632) 0x00000000000035b0
calls=1 0 
0 587
0 2
cfn=(3224)
calls=1 0 
0 35
0 3
cfn=(3648) 0x0000000000001f40
calls=1 0 
0 1463
0 1
cfn=(3732)
calls=1 0 
0 2
0 2
cfn=(1800) 0x0000000000003640
calls=1 0 
0 7
0 4
cfn=(1242)
calls=1 0 
0 11
0 4
cfn=(3740) 0x0000000000019b70
calls=1 0 
0 8
0 1
cfn=(3746)
calls=1 0 
0 19
0 111
cfn=(2664)
calls=1 0 
0 925
0 33
cfn=(1262)
calls=1 0 
0 3080
0 25

fn=(1842)
0 9

fn=(2450) 0x0000000000014e40
0 268
cfn=(1334)
calls=16 0 
0 1693
0 3885
cfn=(892)
calls=22 0 
0 940
0 157
cfn=(892)
calls=1 0 
0 65
0 835
cfn=(714)
calls=4 0 
0 116
0 2950
cfn=(2622)
calls=1 0 
0 50
0 2

fn=(2670)
0 12
cfn=(220)
calls=1 0 
0 17
0 5
cfn=(220)
calls=1 0 
0 17
0 22

fn=(3484) 0x0000000000005180
0 232
cfn=(3466)
calls=4 0 
0 484
0 16

fn=(3522) 0x0000000000005680
0 152

fn=(3564)
0 93
cfn=(892)
calls=3 0 
0 193
0 36
cfn=(892)
calls=3 0 
0 75
0 36

fn=(3632)
0 14
cfn=(2900)
calls=1 0 
0 555
0 18

fn=(3740)
0 24

fn=(3780) 0x00000000000061d0
0 176
cob=(3)
cfi=(3)
cfn=(3880) 0x000000000487f000
calls=1 0 
0 7
cob=(3)
cfi=(3)
cfn=(3794) 0x0000000004840000
calls=1 0 
0 7
0 65
cob=(5)
cfi=(13)
cfn=(4304) initialize_team
calls=1 1023 
0 38
cob=(5)
cfi=(6) /usr/src/debug/gcc/gcc/libgomp/env.c
cfn=(3890) initialize_env
calls=1 2203 
0 10079
cob=(2)
cfi=(2)
cfn=(3872) 0x0000000000027500
calls=1 0 
0 22
cob=(2)
cfi=(2)
cfn=(3864) 0x0000000000027490
calls=1 0 
0 12
0 12
cob=(5)
cfi=(5) ???
cfn=(3884) 0x000000000000cdd0
calls=1 0 
0 12
cob=(2)
cfi=(2)
cfn=(3828) 0x0000000000027420
calls=1 0 
0 109
cob=(4) /usr/lib/valgrind/vgpreload_core-amd64-linux.so
cfi=(4) ???
cfn=(3806) 0x00000000000010e0
calls=1 0 
0 12
0 71

fn=(234) 0x0000000000019350
0 28
cfn=(246) 0x0000000000016e00
calls=1 0 
0 71
0 28
cfn=(272) 0x00000000000177f0
calls=1 0 
0 196
0 98
cfn=(220)
calls=1 0 
0 17
0 7
cfn=(220)
calls=1 0 
0 17
0 15
cfn=(220)
calls=1 0 
0 17
0 10
cfn=(220)
calls=1 0 
0 17
0 11
cfn=(220)
calls=1 0 
0 17
0 8
cfn=(220)
calls=1 0 
0 17
0 14
cfn=(562)
calls=1 0 
0 39
0 12
cfn=(562)
calls=1 0 
0 39
0 9
cfn=(562)
calls=1 0 
0 39
0 10
cfn=(562)
calls=1 0 
0 39
0 11
cfn=(562)
calls=1 0 
0 39
0 10
cfn=(562)
calls=1 0 
0 39
0 16
cfn=(220)
calls=1 0 
0 16
0 4
cfn=(220)
calls=1 0 
0 18
0 11
cfn=(220)
calls=1 0 
0 16
0 4
cfn=(220)
calls=1 0 
0 16
0 12
cfn=(220)
calls=1 0 
0 18
0 37
cfn=(358)
calls=1 0 
0 465
0 3
cfn=(358)
calls=1 0 
0 532
0 5
cfn=(358)
calls=1 0 
0 482
0 3
cfn=(358)
calls=1 0 
0 474
0 5
cfn=(358)
calls=1 0 
0 455
0 3
cfn=(358)
calls=1 0 
0 457
0 3
cfn=(358)
calls=1 0 
0 507
0 3
cfn=(358)
calls=1 0 
0 497
0 3
cfn=(358)
calls=1 0 
0 499
0 4
cfn=(358)
calls=1 0 
0 522
0 3
cfn=(358)
calls=1 0 
0 524
0 3
cfn=(358)
calls=1 0 
0 525
0 7
cfn=(464) 0x0000000000016fa0
calls=1 0 
0 225
0 40

fn=(1322) 0x000000000000a980
0 75
cfn=(1044)
calls=3 0 
0 72
0 11
cfn=(1384) 0x0000000000007640
calls=1 0 
0 171
0 13
cfn=(1416)
calls=1 0 
0 105
0 19
cfn=(1470) 0x0000000000008220
calls=1 0 
0 1817
0 28
cfn=(1470)
calls=2 0 
0 4504
0 31
cfn=(626)
calls=2 0 
0 34
0 56
cfn=(1924)
calls=2 0 
0 16
0 50
cfn=(1924)
calls=2 0 
0 16
0 18
cfn=(1960)
calls=2 0 
0 2510
0 32
cfn=(1416)
calls=2 0 
0 240
0 26
cfn=(1924)
calls=2 0 
0 16
0 97
cfn=(1324) 0x0000000000009d30
calls=5 0 
0 2818
0 70

fn=(1386)
0 40
cfn=(1044)
calls=5 0 
0 168
0 35

fn=(1434)
0 18

fn=(1800)
0 28

fn=(2012)
0 1482

fn=(2208)
0 14

fn=(246)
0 30

ob=(2)
fl=(2)
fn=(4546)
0 275
cfn=(3922)
calls=25 0 
0 345
0 392

fn=(4770) pthread_setspecific
0 26

fn=(4888) mmap
0 182

fn=(4914) pthread_mutex_unlock
0 296

fn=(5004)
0 140
cfn=(5014) snprintf
calls=7 0 
0 3668
0 28
cfn=(5044) 0x000000000011ac20
calls=7 0 
0 266
0 84

fn=(3894) sysconf
0 44
cfn=(3896) get_nprocs_conf
calls=1 0 
0 480
0 2

fn=(5398) free
0 21672
cfn=(4808) 0x00000000000a4610
calls=903 0 
0 126589
0 22575

fn=(4314) (below main)
0 19
cfn=(4316) __cxa_atexit
calls=1 0 
0 73
0 12
cob=(1)
cfi=(1)
cfn=(4354) _dl_audit_preinit
calls=1 0 
0 5
0 6
cfn=(4356) 0x0000000000027640
calls=1 0 
0 40772681
0 11
cob=(3)
cfi=(3)
cfn=(4344) 0x0000000004001000
calls=1 0 
0 7
0 20
cob=(6) /home/georgekonrad/Desktop/HPC_Matrices/MultiplicaciónMatrices/matrix_multiply_openmp_profile
cfi=(14) ???
cfn=(4348) 0x00000000000014d0
calls=1 0 
0 12
0 4

fn=(3140) memcpy
0 44

fn=(3154) strpbrk
0 7

fn=(3162) wcschr
0 50

fn=(3178) strcspn
0 7

fn=(3188) strcpy
0 19

fn=(3194) strncpy
0 21

fn=(3658) __libc_early_init
0 19
cfn=(3692) 0x000000000018f2d0
calls=1 0 
0 21
0 779
cob=(1)
cfi=(1)
cfn=(220)
calls=1 0 
0 17
0 4
cob=(1)
cfi=(1)
cfn=(220)
calls=1 0 
0 18
0 4
cob=(1)
cfi=(1)
cfn=(220)
calls=1 0 
0 17
0 4
cob=(1)
cfi=(1)
cfn=(220)
calls=1 0 
0 17
0 4
cob=(1)
cfi=(1)
cfn=(220)
calls=1 0 
0 18
0 4
cob=(1)
cfi=(1)
cfn=(220)
calls=1 0 
0 17
0 4
cob=(1)
cfi=(1)
cfn=(220)
calls=1 0 
0 17
0 4
cob=(1)
cfi=(1)
cfn=(220)
calls=1 0 
0 17
0 4
cob=(1)
cfi=(1)
cfn=(220)
calls=1 0 
0 17
0 4
cob=(1)
cfi=(1)
cfn=(220)
calls=1 0 
0 17
0 4
cob=(1)
cfi=(1)
cfn=(220)
calls=1 0 
0 17
0 23
cfn=(3660)
calls=1 0 
0 17
0 7
cfn=(3662) getrlimit
calls=1 0 
0 10
0 29
cfn=(3664)
calls=1 0 
0 78
0 2
cfn=(3674)
calls=1 0 
0 18
0 6

fn=(3828)
0 33
cob=(3)
cfi=(3)
cfn=(3840) 0x00000000048ed330
calls=1 0 
0 64
0 12

fn=(3962) __isoc23_strtoul
0 355

fn=(4048) __close_nocancel_nostatus
0 4

fn=(4272) __errno_location
0 4

fn=(4274)
0 228
cob=(3)
cfi=(3)
cfn=(4276) 0x00000000048ed250
calls=12 0 
0 192
0 4192
cob=(3)
cfi=(3)
cfn=(4278) 0x00000000048ed2f0
calls=4 0 
0 108
0 152

fn=(4292) getpagesize
0 48

fn=(4356)
0 10
cfn=(4358)
calls=1 0 
0 31
0 14
cob=(6)
cfi=(15) /home/georgekonrad/Desktop/HPC_Matrices/MultiplicaciónMatrices/matrix_multiply_openmp.c
cfn=(4370) main
calls=1 58 
0 40770533
0 2
cfn=(5442) exit
calls=1 0 
0 2091

fn=(4466) puts
0 30
cob=(3)
cfi=(3)
cfn=(4276)
calls=3 0 
0 76
0 54
cfn=(4474)
calls=3 0 
0 537
0 134

fn=(4476)
0 62
cfn=(4496)
calls=2 0 
0 180
0 2
cfn=(4478) _IO_doallocbuf
calls=1 0 
0 242
0 8

fn=(4478)
0 19
cfn=(4480) _IO_file_doallocate
calls=1 0 
0 219
0 4

fn=(4480)
0 21
cfn=(4482) _IO_file_stat
calls=1 0 
0 9
0 12
cfn=(4058)
calls=1 0 
0 142
0 7
cfn=(4494) _IO_setb
calls=1 0 
0 19
0 9

fn=(4498)
0 34
cfn=(4500)
calls=1 0 
0 14
0 11

fn=(4526) 0x000000000005b670
0 63

fn=(4534)
0 260
cob=(3)
cfi=(3)
cfn=(4536) 0x00000000048ed2a0
calls=10 0 
0 210
0 70
cfn=(4546)
calls=10 0 
0 490
0 693
cob=(3)
cfi=(3)
cfn=(4536)
calls=11 0 
0 231
0 66
cfn=(4546)
calls=11 0 
0 348
0 205
cfn=(4594)
calls=10 0 
0 686
0 464
cfn=(4546)
calls=10 0 
0 537
0 299
cfn=(5174) 0x000000000005dd60
calls=1 0 
0 838
0 117

fn=(4774) memalign
0 35
cfn=(4796) 0x00000000000a6820
calls=1 0 
0 344
0 11

fn=(4886) __libc_sigaction
0 51

fn=(4940) _IO_enable_locks
0 42

fn=(4952) 0x000000000011a140
0 34
cfn=(4956)
calls=1 0 
0 16
0 35

fn=(5044)
0 77
cfn=(5046) 0x000000000011aba0
calls=7 0 
0 133
0 56

fn=(5526) __cxa_finalize
0 138
cfn=(5528) 0x0000000000100ec0
calls=3 0 
0 54
0 36

fn=(5636) 0x00000000000914a0
0 12
cfn=(5638)
calls=1 0 
0 427
0 6
cfn=(5138)
calls=1 0 
0 13
0 146
cfn=(5734) _IO_file_setbuf
calls=1 0 
0 87
0 33
cfn=(5386)
calls=1 0 
0 10
0 15

fn=(5650)
0 10
cfn=(5652)
calls=1 0 
0 60
0 2

fn=(5654)
0 25
cfn=(5662) 0x000000000009ef00
calls=1 0 
0 15
0 8

fn=(5734)
0 7
cfn=(5736) 0x0000000000090770
calls=1 0 
0 69
0 11

fn=(3122) mempcpy
0 22

fn=(3134) wmemset
0 38

fn=(3146) __mempcpy_chk
0 22

fn=(3864)
0 12

fn=(3898) 0x0000000000111180
0 17
cfn=(3900)
calls=1 0 
0 27
0 21
cfn=(3906)
calls=1 0 
0 118
0 8
cfn=(3962)
calls=1 0 
0 122
0 14
cfn=(4048)
calls=1 0 
0 4
0 13
cfn=(3962)
calls=1 0 
0 121
0 6

fn=(4094) 0x00000000000a4860
0 794
cfn=(4112)
calls=9 0 
0 414
0 213
cfn=(4112)
calls=1 0 
0 26
0 4

ob=(1)
fl=(1)
fn=(246)
0 41

fn=(996)
0 14
cfn=(998) 0x000000000001c080
calls=1 0 
0 1379
0 3
cfn=(718)
calls=1 0 
0 18
0 12
cfn=(718)
calls=1 0 
0 18
0 21
cfn=(1160)
calls=1 0 
0 14
0 30

fn=(1044)
0 456

fn=(1320) 0x000000000001ed80
0 15
cfn=(1322)
calls=1 0 
0 2622
0 4

fn=(1384)
0 9
cfn=(1386)
calls=1 0 
0 63
0 34
cfn=(626)
calls=1 0 
0 35
0 3
cfn=(718)
calls=1 0 
0 18
0 9

fn=(2738)
0 34
cfn=(220)
calls=1 0 
0 18
0 21
cfn=(1160)
calls=1 0 
0 13
0 10

fn=(2920)
0 66523
cfn=(2950) 0x000000000000abe0
calls=238 0 
0 29786
0 2737

fn=(3452)
0 144
cob=(2)
cfi=(2)
cfn=(4912) pthread_mutex_lock
calls=7 0 
0 252
cfn=(772)
calls=1 0 
0 3
0 760
cfn=(1138)
calls=16 0 
0 272
0 96
cfn=(1160)
calls=16 0 
0 480
0 194
cob=(2)
cfi=(2)
cfn=(4914)
calls=7 0 
0 259
cfn=(772)
calls=1 0 
0 3
0 88

fn=(3544) 0x0000000000019320
0 6

fn=(4380) 0x00000000000143f0
0 338
cfn=(4382)
calls=13 0 
0 9124
0 195

fn=(714)
0 165
cfn=(1598)
calls=1 0 
0 26
0 7
cfn=(2116)
calls=1 0 
0 57
0 158

fn=(998)
0 18
cfn=(1000) 0x000000000001c410
calls=1 0 
0 36
0 8
cfn=(1022)
calls=1 0 
0 20
0 24
cfn=(1022)
calls=2 0 
0 140
0 2
cfn=(1022)
calls=1 0 
0 158
0 12
cfn=(718)
calls=1 0 
0 18
0 13
cfn=(1024)
calls=1 0 
0 7
0 40
cfn=(1022)
calls=2 0 
0 140
0 2
cfn=(1022)
calls=1 0 
0 158
0 39
cfn=(1102) 0x0000000000025ae0
calls=1 0 
0 19
0 31
cfn=(718)
calls=1 0 
0 18
0 14
cfn=(1126) 0x000000000001bfe0
calls=1 0 
0 46
0 5
cfn=(1126)
calls=1 0 
0 394
0 17

fn=(1102)
0 19

fn=(1126)
0 48
cfn=(1138)
calls=2 0 
0 26
0 22
cfn=(1022)
calls=2 0 
0 140
0 4
cfn=(1022)
calls=2 0 
0 178
0 22

fn=(1242)
0 12
cfn=(1248)
calls=2 0 
0 4
0 6

fn=(1316)
0 105
cfn=(1318) 0x0000000000025260
calls=5 0 
0 120
0 30
cfn=(1898) 0x0000000000003800
calls=4 0 
0 10311
cfn=(1320)
calls=1 0 
0 2641
0 85

fn=(1318)
0 120

fn=(220)
0 588

fn=(464)
0 225

fn=(626)
0 451

fn=(1000)
0 36

fn=(1420)
0 84

fn=(2440) 0x000000000001f420
0 10
cfn=(2442) 0x0000000000015730
calls=1 0 
0 11032
0 5

fn=(3230)
0 30

fn=(3462)
0 10
cfn=(3484)
calls=1 0 
0 116
0 5
cfn=(718)
calls=1 0 
0 18
0 8
cfn=(3484)
calls=1 0 
0 616
0 11
cfn=(3466)
calls=1 0 
0 135
0 2
cfn=(3522)
calls=1 0 
0 152
0 7

fn=(364)
0 5459

fn=(770)
0 36
cfn=(772)
calls=4 0 
0 12
0 126

fn=(1400)
0 36
cfn=(626)
calls=2 0 
0 70
0 6
cfn=(718)
calls=2 0 
0 36
0 18

fn=(1966)
0 11
cfn=(1420)
calls=1 0 
0 21
0 7
cfn=(1474)
calls=1 0 
0 6
0 10
cfn=(1756)
calls=1 0 
0 6
0 13
cfn=(1598)
calls=1 0 
0 26
0 3

fn=(5470) 0x0000000000005f60
0 21
cob=(2)
cfi=(2)
cfn=(4912)
calls=1 0 
0 36
0 34
cfn=(3740)
calls=1 0 
0 8
0 98
cfn=(2350)
calls=1 0 
0 361
0 2
cob=(2)
cfi=(2)
cfn=(4914)
calls=1 0 
0 37
0 61
cfn=(5512) 0x0000000000001fb0
calls=5 0 
0 510
0 10
cfn=(5554) 0x0000000000019d60
calls=5 0 
0 25
0 20
cfn=(3740)
calls=1 0 
0 8
0 2

fn=(1062)
0 30

fn=(1324)
0 282
cfn=(1334)
calls=16 0 
0 2055
0 174
cfn=(892)
calls=6 0 
0 262
0 45

fn=(1598)
0 372

fn=(1798) 0x00000000000066e0
0 33
cfn=(1800)
calls=3 0 
0 21
0 72

fn=(2950)
0 6843
cfn=(892)
calls=131 0 
0 6353
0 5389
cfn=(892)
calls=224 0 
0 8288
0 2913

fn=(3434)
0 33

fn=(3750)
0 6

fn=(3776) 0x0000000000006300
0 33
cfn=(3780)
calls=1 0 
0 41
0 28
cfn=(3780)
calls=4 0 
0 10497
0 20
cfn=(3780)
calls=1 0 
0 84
0 3

fn=(4354)
0 5

fn=(130)
0 135

fn=(142) 0x000000000001d720
0 460

fn=(218) 0x0000000000012780
0 8
cfn=(220)
calls=1 0 
0 18
0 6

fn=(272)
0 196

fn=(836)
0 305

fn=(5512)
0 100
cob=(5)
cfi=(10) /usr/src/debug/gcc/gcc/libgomp/oacc-init.c
cfn=(5578) goacc_runtime_deinitialize
calls=1 904 
0 19
cob=(4)
cfi=(4)
cfn=(5562) 0x0000000000001090
calls=1 0 
0 94
cob=(6)
cfi=(14)
cfn=(5520) 0x0000000000001480
calls=1 0 
0 94
0 3
cob=(5)
cfi=(5)
cfn=(5588) 0x000000000000cd80
calls=1 0 
0 94
cob=(5)
cfi=(6)
cfn=(5586) cleanup_env
calls=1 2193 
0 6
cob=(5)
cfi=(13)
cfn=(5584) team_destructor
calls=1 1037 
0 19
0 57
cob=(3)
cfi=(3)
cfn=(5602) 0x00000000048b9004
calls=1 0 
0 4
cob=(3)
cfi=(3)
cfn=(5576) 0x0000000004840274
calls=1 0 
0 4
cob=(3)
cfi=(3)
cfn=(5550) 0x000000000400182c
calls=1 0 
0 4
0 12

fn=(0) 0x000000000001ec40
0 2
cfn=(2) 0x000000000001f790
calls=1 0 
0 235808
0 8
cfn=(3770)
calls=1 0 
0 4
0 10
cfn=(3776)
calls=1 0 
0 10706
0 3
cob=(6)
cfi=(14)
cfn=(4312) (below main)
calls=1 0 
0 40772862

fn=(140) 0x000000000001e640
0 9
cfn=(142)
calls=1 0 
0 460
0 2
cfn=(164)
calls=1 0 
0 14045
0 1
cfn=(218)
calls=1 0 
0 32
0 2
cfn=(226)
calls=1 0 
0 8
0 1
cfn=(234)
calls=1 0 
0 7291
0 4
cfn=(626)
calls=1 0 
0 17
0 3
cfn=(634) 0x00000000000244a0
calls=1 0 
0 13
0 11
cfn=(646)
calls=1 0 
0 213036
0 4

fn=(732)
0 219

fn=(1898)
0 72
cfn=(1322)
calls=4 0 
0 10223
0 16

fn=(2436)
0 13
cfn=(2440)
calls=1 0 
0 11047
0 8

fn=(2708)
0 10
cfn=(718)
calls=1 0 
0 103
0 318
cfn=(2718)
calls=1 0 
0 49
0 11

fn=(2802)
0 30429
cfn=(2900)
calls=213 0 
0 128398
0 9412
cfn=(3544)
calls=1 0 
0 6
cob=(2)
cfi=(2)
cfn=(3200)
calls=1 0 
0 7
cob=(2)
cfi=(2)
cfn=(3198)
calls=1 0 
0 21
cob=(2)
cfi=(2)
cfn=(3196)
calls=1 0 
0 22
cob=(2)
cfi=(2)
cfn=(3194)
calls=1 0 
0 21
cob=(2)
cfi=(2)
cfn=(3192)
calls=1 0 
0 25
cob=(2)
cfi=(2)
cfn=(3190)
calls=1 0 
0 22
cob=(2)
cfi=(2)
cfn=(3188)
calls=1 0 
0 19
cob=(2)
cfi=(2)
cfn=(3186)
calls=1 0 
0 25
cob=(2)
cfi=(2)
cfn=(3184) strchrnul
calls=1 0 
0 25
cob=(2)
cfi=(2)
cfn=(3182) strncasecmp_l
calls=1 0 
0 22
cob=(2)
cfi=(2)
cfn=(3180) wcscpy
calls=1 0 
0 17
cob=(2)
cfi=(2)
cfn=(3178)
calls=1 0 
0 7
cob=(2)
cfi=(2)
cfn=(3176)
calls=1 0 
0 22
cob=(2)
cfi=(2)
cfn=(3174) strncmp
calls=1 0 
0 22
cob=(2)
cfi=(2)
cfn=(3172)
calls=2 0 
0 42
cob=(2)
cfi=(2)
cfn=(3170)
calls=1 0 
0 21
cob=(2)
cfi=(2)
cfn=(3168) wcscmp
calls=1 0 
0 25
cob=(2)
cfi=(2)
cfn=(3166)
calls=1 0 
0 25
cob=(2)
cfi=(2)
cfn=(3164)
calls=1 0 
0 21
cob=(2)
cfi=(2)
cfn=(3162)
calls=2 0 
0 50
cob=(2)
cfi=(2)
cfn=(3160) memrchr
calls=1 0 
0 25
cob=(2)
cfi=(2)
cfn=(3158) memset
calls=1 0 
0 23
cob=(2)
cfi=(2)
cfn=(3156) strcmp
calls=1 0 
0 20
cob=(2)
cfi=(2)
cfn=(3154)
calls=1 0 
0 7
cob=(2)
cfi=(2)
cfn=(3152) strnlen
calls=2 0 
0 50
cob=(2)
cfi=(2)
cfn=(3150) wcsnlen
calls=1 0 
0 20
cob=(2)
cfi=(2)
cfn=(3148)
calls=1 0 
0 20
cob=(2)
cfi=(2)
cfn=(3146)
calls=1 0 
0 22
cob=(2)
cfi=(2)
cfn=(3144) __memcpy_chk
calls=1 0 
0 22
cob=(2)
cfi=(2)
cfn=(3142) wcsncpy
calls=1 0 
0 18
cob=(2)
cfi=(2)
cfn=(3140)
calls=1 0 
0 22
cob=(2)
cfi=(2)
cfn=(3138) __memset_chk
calls=1 0 
0 23
cob=(2)
cfi=(2)
cfn=(3136) strcat
calls=1 0 
0 19
cob=(2)
cfi=(2)
cfn=(3134)
calls=2 0 
0 38
cob=(2)
cfi=(2)
cfn=(3132) wcscat
calls=1 0 
0 18
cob=(2)
cfi=(2)
cfn=(3130) wmemcmp
calls=1 0 
0 25
cob=(2)
cfi=(2)
cfn=(3128) __memmove_chk
calls=1 0 
0 22
cob=(2)
cfi=(2)
cfn=(3126) stpcpy
calls=1 0 
0 19
cob=(2)
cfi=(2)
cfn=(3124)
calls=1 0 
0 18
cob=(2)
cfi=(2)
cfn=(3122)
calls=1 0 
0 22
cob=(2)
cfi=(2)
cfn=(3120) strncasecmp
calls=1 0 
0 22
cob=(2)
cfi=(2)
cfn=(3110) 0x00000000000bfb90
calls=1 0 
0 30
0 920
cob=(2)
cfi=(2)
cfn=(3138)
calls=1 0 
0 23
cob=(2)
cfi=(2)
cfn=(3196)
calls=1 0 
0 22
cob=(2)
cfi=(2)
cfn=(3120)
calls=1 0 
0 22
cob=(2)
cfi=(2)
cfn=(3140)
calls=1 0 
0 22
cob=(2)
cfi=(2)
cfn=(3144)
calls=1 0 
0 22
cob=(2)
cfi=(2)
cfn=(3156)
calls=1 0 
0 20
cob=(2)
cfi=(2)
cfn=(3186)
calls=1 0 
0 25
cob=(2)
cfi=(2)
cfn=(3158)
calls=1 0 
0 23
cob=(2)
cfi=(2)
cfn=(3164)
calls=1 0 
0 21
cob=(2)
cfi=(2)
cfn=(3192)
calls=1 0 
0 25
cob=(2)
cfi=(2)
cfn=(3174)
calls=1 0 
0 22
cob=(2)
cfi=(2)
cfn=(3176)
calls=1 0 
0 22
0 764
cfn=(2900)
calls=6 0 
0 3080
0 198

fn=(4892) _dl_allocate_tls
0 42
cfn=(2718)
calls=7 0 
0 1995
0 28
cfn=(3452)
calls=7 0 
0 2289

fn=(5554)
0 25

fn=(2)
0 789
cfn=(126)
calls=1 0 
0 10
0 11
cfn=(130)
calls=1 0 
0 27
0 9
cfn=(140)
calls=1 0 
0 234939
0 23

fn=(878)
0 8
cfn=(220)
calls=1 0 
0 18
0 7

fn=(1470)
0 93
cfn=(702)
calls=3 0 
0 1140
0 1319
cfn=(1598)
calls=3 0 
0 84
0 183
cfn=(1160)
calls=3 0 
0 406
0 174
cfn=(1598)
calls=9 0 
0 189
0 27
cfn=(1474)
calls=3 0 
0 18
0 276
cfn=(2208)
calls=1 0 
0 7
0 1206
cfn=(836)
calls=3 0 
0 251
0 256
cfn=(1756)
calls=3 0 
0 18
0 36
cfn=(130)
calls=3 0 
0 81
0 73
cfn=(2170)
calls=2 0 
0 22
0 9
cfn=(770)
calls=3 0 
0 141
0 18
cfn=(1798)
calls=3 0 
0 126
0 20
cfn=(1598)
calls=1 0 
0 21
0 3
cfn=(2118)
calls=1 0 
0 6
0 37
cfn=(892)
calls=2 0 
0 50
0 31

fn=(2350)
0 244
cfn=(2368)
calls=10 0 
0 303
0 86
cfn=(732)
calls=2 0 
0 38
0 2

fn=(2442)
0 44
cfn=(2450)
calls=5 0 
0 10961
0 27

fn=(3648)
0 14
cfn=(3552)
calls=1 0 
0 199
0 12
cob=(2)
cfi=(2)
cfn=(3658)
calls=1 0 
0 1238

fn=(634)
0 13

fn=(2272)
0 75

ob=(4)
fl=(4)
fn=(3806)
0 12

fn=(5562)
0 9
cob=(2)
cfi=(2)
cfn=(5526)
calls=1 0 
0 76
0 1
cfn=(5570) 0x0000000000001020
calls=1 0 
0 5
0 3

fn=(5570)
0 5

ob=(2)
fl=(2)
fn=(4094)
0 11

fn=(4178) pthread_self
0 3

fn=(4244) 0x00000000001703e0
0 1541

fn=(4412) __isoc23_strtol
0 294

fn=(4482)
0 3
cfn=(4484) fstat
calls=1 0 
0 6

fn=(4698)
0 7

fn=(4716) random_r
0 5042864

fn=(4744) random
0 3060000
cfn=(4716)
calls=180000 0 
0 5034194
0 360000

fn=(4884) pthread_create
0 266
cfn=(4292)
calls=7 0 
0 42
0 1120
cfn=(4942) 0x00000000000963c0
calls=7 0 
0 911
0 99
cfn=(4886)
calls=1 0 
0 51
0 42
cfn=(4940)
calls=1 0 
0 42
0 128
cfn=(4888)
calls=7 0 
0 182
0 175
cfn=(4890)
calls=7 0 
0 42
0 154
cob=(1)
cfi=(1)
cfn=(4892)
calls=7 0 
0 4354
0 91
cfn=(4938) 0x0000000000093970
calls=7 0 
0 84
0 28

fn=(4980) clone
0 182
cfn=(4996)
calls=7 0 
0 190269190

fn=(5138)
0 39

fn=(5662)
0 15

fn=(3110)
0 30

fn=(3128)
0 22

fn=(3130)
0 25

fn=(3132)
0 18

fn=(3138)
0 46

fn=(3152)
0 50

fn=(3158)
0 46

fn=(3174)
0 44

fn=(3182)
0 22

fn=(3184)
0 25

fn=(3660)
0 136

fn=(4064) 0x00000000000a5270
0 101712
cfn=(4094)
calls=9 0 
0 1462
0 63
cfn=(4162) 0x00000000000a2ce0
calls=9 0 
0 45
0 18

fn=(4116)
0 90

fn=(4180) pthread_getaffinity_np
0 18
cfn=(4182) 0x000000000016cf80
calls=1 0 
0 16
0 3

fn=(4296) pthread_key_create
0 47

fn=(4500)
0 42

fn=(4742) rand
0 720000
cfn=(4744)
calls=180000 0 
0 8454194
0 360000

fn=(4912)
0 288

fn=(4950) 0x000000000011a1b0
0 91
cfn=(4952)
calls=7 0 
0 85
0 126
cfn=(4980)
calls=7 0 
0 133
0 63

fn=(5250)
0 11

fn=(5452) __call_tls_dtors
0 13

fn=(4316)
0 19
cfn=(4324) 0x0000000000040060
calls=1 0 
0 30
0 24

fn=(4324)
0 30

fn=(3150)
0 20

fn=(3160)
0 25

fn=(3168)
0 25

fn=(3692)
0 21

fn=(3896)
0 5
cfn=(3898)
calls=1 0 
0 471
0 4

fn=(4058)
0 14512
cfn=(4064)
calls=907 0 
0 102176
0 16355

fn=(4196) __sched_cpucount
0 48

fn=(4290) pthread_attr_init
0 12
cfn=(4292)
calls=1 0 
0 6
0 6

fn=(4494)
0 19

fn=(4514)
0 82
cfn=(4526)
calls=1 0 
0 21
0 5
cfn=(4534)
calls=1 0 
0 1172
0 2
cfn=(4652) 0x000000000005b6b0
calls=1 0 
0 56
0 51
cfn=(5138)
calls=1 0 
0 13
0 20
cfn=(5386)
calls=1 0 
0 10
0 15
cfn=(4526)
calls=2 0 
0 42
0 10
cfn=(4534)
calls=2 0 
0 1227
0 4
cfn=(4652)
calls=2 0 
0 112
0 2

fn=(4652)
0 81
cfn=(4656) 0x000000000005b520
calls=3 0 
0 78
0 9

fn=(4656)
0 78

fn=(5014)
0 147
cfn=(5016)
calls=7 0 
0 3486
0 35

fn=(5046)
0 69
cob=(1)
cfi=(1)
cfn=(220)
calls=1 0 
0 18
0 46

fn=(5264)
0 120
cfn=(5270) 0x0000000000054b70
calls=6 0 
0 126
0 48

fn=(5270)
0 126

fn=(5422) 0x00000000000a3390
0 19844

fn=(5736)
0 18
cfn=(5740) _IO_file_sync
calls=1 0 
0 21
0 30

fn=(5740)
0 21

fn=(5772) _Exit
0 3

fn=(3120)
0 44

fn=(3144)
0 44

fn=(3872)
0 22

fn=(3910) 0x000000000016bb80
0 24

fn=(4808)
0 64337
cfn=(5422)
calls=899 0 
0 19778
0 5394
cfn=(4826) 0x00000000000a3460
calls=899 0 
0 25234
0 20
cfn=(4826)
calls=5 0 
0 181
0 11752

fn=(4938)
0 84

fn=(5174)
0 21
cob=(3)
cfi=(3)
cfn=(4276)
calls=1 0 
0 16
0 33
cfn=(5188)
calls=1 0 
0 767
0 1

fn=(5444) 0x0000000000040870
0 65
cfn=(5772)
calls=1 0 
0 3
0 13
cob=(1)
cfi=(1)
cfn=(5470)
calls=1 0 
0 1233
0 5
cfn=(5452)
calls=1 0 
0 13
0 2
cfn=(5636)
calls=1 0 
0 749
0 1

fn=(5528)
0 54

fn=(5640)
0 20
cfn=(5648)
calls=1 0 
0 111
0 30

fn=(3126)
0 19

fn=(3136)
0 19

fn=(3142)
0 18

fn=(3156)
0 40

fn=(3180)
0 17

fn=(3662)
0 10

fn=(4162)
0 45

fn=(4182)
0 16

fn=(4202)
0 87
cfn=(4064)
calls=1 0 
0 127
0 21
cfn=(4064)
calls=7 0 
0 889
0 960

fn=(4260) 0x000000000016f300
0 322

fn=(4484)
0 6

fn=(4714)
0 670
cfn=(4716)
calls=1 0 
0 28
0 618
cfn=(4716)
calls=309 0 
0 8642
0 626

fn=(4796)
0 19
cfn=(4064)
calls=1 0 
0 108
0 39
cfn=(4808)
calls=1 0 
0 107
0 18
cfn=(4826)
calls=1 0 
0 8
0 3
cfn=(4840)
calls=1 0 
0 34
0 8

fn=(4826)
0 25317
cfn=(5422)
calls=3 0 
0 66
0 40

fn=(4942)
0 280
cfn=(4950)
calls=7 0 
0 498
0 133

fn=(5198)
0 21

fn=(5442)
0 7
cfn=(5444)
calls=1 0 
0 2084

ob=(6)
fl=(15)
fn=(4370)
58 8
+1 2
+70 8
fi=(16) /usr/include/stdlib.h
487 4
cob=(1)
cfi=(1)
cfn=(4380)
calls=1 0 
* 927
* 5
* 1
fe=(15)
67 2
+5 2
cob=(1)
cfi=(1)
cfn=(4380)
calls=1 -72 
* 1213
* 5
+1 5
cob=(1)
cfi=(1)
cfn=(4380)
calls=1 -73 
* 1635
* 5
+1 1
cob=(1)
cfi=(1)
cfn=(4380)
calls=1 -74 
* 800
* 5
* 4
cob=(2)
cfi=(2)
cfn=(4512)
calls=1 -74 
* 592
* 1
+2 2
cob=(1)
cfi=(1)
cfn=(4380)
calls=1 -76 
* 722
* 5
* 2
cob=(1)
cfi=(1)
cfn=(4380)
calls=1 -76 
* 11329
* 5
+3 2
cfn=(4718) crear_matriz
calls=1 -72 
* 46843
+1 1
-1 1
+1 1
cfn=(4718)
calls=1 -73 
* 46231
+3 2
-3 1
+3 1
cfn=(4736) llenar_matriz
calls=1 -58 
* 6209639
+1 3
cfn=(4736)
calls=1 -59 
* 6208915
+3 2
cob=(2)
cfi=(2)
cfn=(4466)
calls=1 -87 
* 155
* 1
+1 1
cfn=(4748) wall_time_seconds
calls=1 -56 
* 813
+1 3
-1 1
+1 1
cfn=(4756) multiplicar_matrices_omp
calls=1 -48 
* 28061887
* 1
+1 1
cfn=(4748)
calls=1 -58 
* 32
+1 1
+2 3
cob=(2)
cfi=(2)
cfn=(4512)
calls=1 -93 
* 1405
* 1
fi=(16)
487 4
cob=(2)
cfi=(2)
cfn=(4412)
calls=1 0 
* 147
* 1
fe=(15)
95 2
+27 3
cfn=(5392) liberar_matriz
calls=1 16 
* 59420
+1 3
cfn=(5392)
calls=1 16 
* 58773
+1 3
cfn=(5392)
calls=1 16 
* 58773
+2 2
cob=(2)
cfi=(2)
cfn=(4466)
calls=1 0 
* 161
* 1
+2 2

fn=(4718)
7 8
+1 2
-1 2
+1 2
-1 2
+1 2
cob=(2)
cfi=(2)
cfn=(4058)
calls=1 -8 
* 145
cob=(1)
cfi=(1)
cfn=(4380)
calls=1 -8 
* 907
* 6
* 2
+1 4
+1 10
-1 2
+1 2
cob=(2)
cfi=(2)
cfn=(4058)
calls=2 -10 
* 290
* 2
* 598
-1 598
+1 598
cob=(2)
cfi=(2)
cfn=(4058)
calls=598 -10 
* 87480
* 598
* 600
-1 1200
+4 14

fn=(4748)
32 2
+2 10
cob=(2)
cfi=(2)
cfn=(4754)
calls=1 -34 
* 11
cob=(1)
cfi=(1)
cfn=(4380)
calls=1 -34 
* 788
* 6
* 6
+3 12
+1 10

fn=(5098) multiplicar_matrices_omp._omp_fn.0
44 64
+2 32
cob=(5)
cfi=(18) /usr/src/debug/gcc/gcc/libgomp/parallel.c
cfn=(5108) omp_get_num_threads
calls=7 278 
* 56
cob=(1)
cfi=(1)
cfn=(4380)
calls=1 -46 
* 815
* 12
* 16
cob=(5)
cfi=(18)
cfn=(5114) omp_get_thread_num
calls=7 285 
* 28
cob=(1)
cfi=(1)
cfn=(4380)
calls=1 -46 
* 793
* 12
* 40
-2 176
+5 24
-2 8
+2 48
-1 8
+1 8
-1 16
+1 269976
-2 89992
+2 539952
-1 89992
+1 89992
-1 179984
+1 80730000
-1 26910000
+1 26910000
-1 53820000
+3 809960
-7 360
+7 888

fn=(4736)
25 4
-1 26
+3 2
cob=(2)
cfi=(2)
cfn=(4742)
calls=1 -27 
* 53
cob=(1)
cfi=(1)
cfn=(4380)
calls=1 -27 
* 773
* 6
-3 1794
+3 598
cob=(2)
cfi=(2)
cfn=(4742)
calls=598 -27 
* 31675
* 598
* 179400
cob=(2)
cfi=(2)
cfn=(4742)
calls=179400 -27 
* 9502413
* 179400
* 1980000
-1 540000
-1 1800
+5 12

fn=(5392)
16 12
+1 18
+1 3
-1 3
+1 3
cob=(2)
cfi=(2)
cfn=(5398)
calls=2 -18 
* 292
cob=(1)
cfi=(1)
cfn=(4380)
calls=1 -18 
* 824
* 7
* 897
-1 897
+1 897
cob=(2)
cfi=(2)
cfn=(5398)
calls=897 -18 
* 169767
* 897
-1 1800
+4 3
-1 3
+1 6
-1 3
cob=(2)
cfi=(2)
cfn=(5398)
calls=3 -20 
* 631
* 3

fn=(4756)
41 10
-33 1
+33 3
-33 1
cob=(2)
cfi=(2)
cfn=(4058)
calls=1 -8 
* 145
* 1
* 1
+1 4
+1 3
-1 1
+1 1
cob=(2)
cfi=(2)
cfn=(4058)
calls=1 -10 
* 145
* 1
* 299
-1 299
+1 299
cob=(2)
cfi=(2)
cfn=(4058)
calls=299 -10 
* 43817
* 299
* 300
-1 600
+35 10
cob=(1)
cfi=(1)
cfn=(4380)
calls=1 -44 
* 28015630
* 5
+12 12

fl=(14)
fn=(5538) 0x0000000000001410
0 5

fn=(5520)
0 9
cob=(2)
cfi=(2)
cfn=(5526)
calls=1 0 
0 76
0 1
cfn=(5538)
calls=1 0 
0 5
0 3

fn=(4348)
0 12

fn=(4312)
0 12
cob=(2)
cfi=(2)
cfn=(4314)
calls=1 0 
0 40772850

ob=(5)
fl=(21) /usr/src/debug/gcc/gcc/libgomp/work.c
fn=(4872) gomp_init_work_share
103 1
fi=(28) /usr/src/debug/gcc/gcc/libgomp/config/linux/mutex.h
-60 1
fe=(21)
+60 1
+2 2
+29 1
fi=(29) /usr/src/debug/gcc/gcc/libgomp/config/linux/ptrlock.h
-90 1
fe=(21)
+90 1
+2 2

fn=(5130) gomp_fini_work_share
144 1
+2 4
+3 1

fl=(22) /usr/src/debug/gcc/gcc/libgomp/task.c
fn=(4876) gomp_init_task
68 8
+9 8
+6 8
-6 8
fi=(30) /usr/src/debug/gcc/gcc/libgomp/priority_queue.h
+84 32
fe=(22)
-74 8
-3 8
+3 16
-2 8
+2 16
-1 8
+1 8
+1 8
+5 8

fn=(5132) gomp_end_task
99 1
+2 2
fi=(27) /usr/src/debug/gcc/gcc/libgomp/libgomp.h
1117 3
fe=(22)
104 3

fl=(6)
fn=(4198) add_initial_icv_to_list
2149 10
+1 2
+1 7
2043 6
2178 2
cfn=(4266) get_icv_member_addr.part.0
calls=1 2046 
* 15
+2 2
+1 6
-21 5
cfi=(8) /usr/src/debug/gcc/gcc/libgomp/alloc.c
cfn=(4200) gomp_malloc_cleared
calls=1 46 
* 243
-34 1
+35 1
+2 1
-35 1
-2 1
+10 1
-8 1
+6 1
+29 1
-27 1
+27 1
-2 1
-20 1
-9 1
+6 1
-10 1
+6 1
+29 1
-3 2
+5 1
+1 1
-1 1
+1 1

fn=(4266)
2046 4
+2 14
+23 2
+1 2
+1 2
-2 2
+2 2
+1 2

fn=(4286) parse_unsigned_long_1
254 20
+4 4
+1 2
+23 20

fn=(3890)
2203 12
+16 1
cfi=(7) /usr/src/debug/gcc/gcc/libgomp/config/linux/proc.c
cfn=(3892) gomp_init_num_threads
calls=1 82 
* 1919
+1 1
+5 3
-5 1
+5 1
cfn=(4198)
calls=1 -76 
* 287
2116 1
+1 6
2229 1
2126 1
+2 1
+13 1
-15 2
+2 1
2229 1
-95 1
-2 1
+4 1
+2 1
-10 1
+6 1
+95 2
+1 3
+38 4
-38 196
-42 196
cob=(2)
cfi=(2)
cfn=(4244)
calls=49 0 
* 1249
* 49
+44 98
+4 1
+1 1
-1 2
+1 15
-49 5
+49 5
-49 5
cob=(2)
cfi=(2)
cfn=(4260)
calls=5 0 
* 70
* 20
cob=(2)
cfi=(2)
cfn=(4244)
calls=5 0 
* 158
* 3
cob=(2)
cfi=(2)
cfn=(4244)
calls=1 0 
* 34
+51 12
+2 4
+1 1
-1 1
+1 2
2116 3
+1 2
+1 1
-1 4
2305 1
+14 3
-11 1
1665 5
2308 9
1665 40
2308 8
+3 16
+8 6
+44 3
+1 2
+20 2
342 2
cob=(2)
cfi=(2)
cfn=(4282)
calls=1 0 
* 401
* 5
cfn=(4284) parse_int_1
calls=1 -24 
* 50
756 2
cob=(2)
cfi=(2)
cfn=(4274)
calls=1 0 
* 428
* 2
+4 2
1145 2
cob=(2)
cfi=(2)
cfn=(4274)
calls=1 0 
* 395
* 1
+1 2
2319 1
+20 18
+2 6
-3 10
-33 28
+69 1
-1 1
+1 1
cob=(2)
cfi=(2)
cfn=(4274)
calls=1 0 
* 428
+3 6
cfn=(4280) parse_boolean
calls=1 1064 
* 5
* 2
2043 5
cfn=(4266)
calls=1 +3 
* 15
* 1
2411 2
+4 2
cob=(2)
cfi=(2)
cfn=(4274)
calls=1 0 
* 428
* 1
+1 2
+4 2
995 2
cob=(2)
cfi=(2)
cfn=(4274)
calls=1 0 
* 395
* 1
+1 2
2447 3
+4 2
cob=(2)
cfi=(2)
cfn=(4290)
calls=1 0 
* 24
+2 2
1982 2
cob=(2)
cfi=(2)
cfn=(4274)
calls=1 0 
* 428
* 1
+1 2
2494 2
cob=(2)
cfi=(2)
cfn=(4274)
calls=1 0 
* 395
334 5
cfn=(4284)
calls=1 -16 
* 50
2494 2
+2 2
1423 2
cob=(2)
cfi=(2)
cfn=(4274)
calls=1 0 
* 395
+2 2
+1 1
+10 2
cob=(2)
cfi=(2)
cfn=(4274)
calls=1 0 
* 395
* 1
+4 2
2501 1
cfi=(10)
cfn=(4294) goacc_runtime_initialize
calls=1 884 
* 62
+2 1
cfi=(12) /usr/src/debug/gcc/gcc/libgomp/oacc-profiling.c
cfn=(4302) goacc_profiling_initialize
calls=1 100 
* 426
+1 11
-71 2
-11 2
-37 2
+1 4
+69 2
cob=(2)
cfi=(2)
cfn=(4274)
calls=1 0 
* 395
+1 2
+5 2
+2 2
2247 1
-1 1
-2 1
+2 4
cfn=(4198)
calls=1 -97 
* 35
* 2
+43 3
-2 1
+2 2
cfn=(4268) parse_unsigned_long_list
calls=1 351 
* 194
* 3
+3 9
1671 3
2291 3
1671 9
2291 7
2435 1
+2 1
fi=(9) /usr/src/debug/gcc/gcc-build/gcc/include/cpuid.h
309 2
+38 2
+3 3
fi=(31) /usr/src/debug/gcc/gcc/libgomp/config/linux/x86/spincount.h
39 2
fe=(6)
2446 2
-66 4
2206 1
2369 2
-80 2

fn=(4280)
1064 1
+3 2
+25 2

fn=(4268)
351 12
+7 5
+3 1
cob=(2)
cfi=(2)
cfn=(4270)
calls=1 0 
* 4
* 6
+2 2
+78 11
-89 2
+1 2
+1 2
+12 1
cob=(2)
cfi=(2)
cfn=(4272)
calls=1 0 
* 4
+1 2
-1 2
+1 4
cob=(2)
cfi=(2)
cfn=(3962)
calls=1 0 
* 112
+1 1
-1 1
+1 4
+3 6
+2 2
+57 2
+1 2
+3 2
-10 2

fn=(4284)
318 2
+2 2
-2 20
+2 4
cfn=(4286)
calls=2 -66 
* 46
* 4
+9 18
-8 4

fn=(5586)
2193 1
+1 4
+3 1

fl=(8)
fn=(4056) gomp_malloc
37 12
+1 2
cob=(2)
cfi=(2)
cfn=(4058)
calls=2 -38 
* 562
+1 4
+3 6

fn=(4880) gomp_realloc
55 6
+1 1
cob=(2)
cfi=(2)
cfn=(4882)
calls=1 -56 
* 178
+1 2
+3 3

fn=(4772) gomp_aligned_alloc
64 2
+2 1
-2 4
+2 2
+5 1
cob=(2)
cfi=(2)
cfn=(4774)
calls=1 -71 
* 390
+28 2
+3 3

fn=(4200)
46 2
+1 1
-1 3
+1 1
-1 1
+1 1
cob=(2)
cfi=(2)
cfn=(4202)
calls=1 -47 
* 229
+1 2
+3 3

fl=(10)
fn=(4294)
884 2
+7 2
fi=(28)
43 1
fe=(10)
884 1
+7 1
cob=(2)
cfi=(2)
cfn=(4296)
calls=1 0 
* 19
+9 1
-7 1
+2 1
fi=(28)
43 1
fe=(10)
899 1
cfi=(11) /usr/src/debug/gcc/gcc/libgomp/oacc-host.c
cfn=(4298) goacc_host_init
calls=1 328 
* 31

fn=(4300) goacc_register
74 1
+2 3
-2 2
fi=(28)
-19 2
fe=(10)
+19 2
fi=(28)
-19 2
fe=(10)
+26 5
+3 3
+1 1
fi=(28)
-22 2
+1 2
fe=(10)
+24 2

fn=(5578)
904 1
+4 2
cob=(2)
cfi=(2)
cfn=(5580)
calls=1 0 
* 16

fl=(17) /usr/src/debug/gcc/gcc/libgomp/icv.c
fn=(4690) omp_get_max_threads
112 1
fi=(27)
989 2
+2 4
fe=(17)
114 1
+1 1

fl=(18)
fn=(5114)
285 8
+1 16
+1 8

fn=(5108)
278 8
+1 16
+1 32
+1 8

fn=(4764) gomp_resolve_num_threads
40 1
fi=(27)
989 2
+2 4
fe=(18)
49 2
+3 1
+4 1
-4 2
+8 2
-20 3
+33 1
-9 2
+1 1
+8 2
+12 3
+42 3

fn=(4762) GOMP_parallel
174 6
+1 1
-1 2
+1 1
-1 2
+1 1
cfn=(4764)
calls=1 40 
* 30
+1 1
-1 1
+1 1
cfi=(13)
cfn=(4766) gomp_new_team
calls=1 -5 
* 712
* 7
cfi=(13)
cfn=(4874) gomp_team_start
calls=1 322 
* 2108799
+2 2
cob=(6)
cfi=(15)
cfn=(5098)
calls=1 44 
* 23805206
fi=(27)
989 2
+2 4
fe=(18)
141 2
+39 5
-13 1
cfi=(13)
cfn=(5126) gomp_team_end
calls=1 949 
* 2100116

fl=(13)
fn=(5584)
1037 1
+3 2
cob=(2)
cfi=(2)
cfn=(5580)
calls=1 0 
* 16

fn=(4304)
1023 2
+8 2
-8 1
+8 1
cob=(2)
cfi=(2)
cfn=(4296)
calls=1 0 
* 28
* 2
+2 2

fn=(5082)
71 63
fi=(32) /usr/src/debug/gcc/gcc/libgomp/config/linux/sem.h
-25 14
fe=(13)
+43 7
-2 7
+1 7
+1 7
+1 70
+1 14
+1 7
+10 14
-10 7
+1 7
+9 7
-9 7
+9 28
+5 14
+14 14
fi=(26) /usr/src/debug/gcc/gcc/libgomp/config/posix/simple-bar.h
-61 28
cfi=(23) /usr/src/debug/gcc/gcc/libgomp/config/linux/bar.c
cfn=(5084) gomp_barrier_wait
calls=7 -5 
* 12600232
+1 7
-1 2
cfi=(23)
cfn=(5084)
calls=1 -5 
* 21160
fe=(13)
+66 7
+1 7
+2 14
cob=(6)
cfi=(15)
cfn=(5098)
calls=7 -85 
* 166638046
+1 14
cfi=(23)
cfn=(5116) gomp_team_barrier_wait_final
calls=7 +2 
* 11004406
fi=(27)
1117 3
fe=(13)

fn=(4766)
171 9
-17 3
+28 1
-1 1
+1 1
-1 1
cfi=(8)
cfn=(4772)
calls=1 64 
* 405
fi=(20) /usr/src/debug/gcc/gcc/libgomp/config/linux/bar.h
59 1
-1 1
fe=(13)
193 1
fi=(20)
59 1
fe=(13)
181 1
fi=(28)
43 1
fi=(20)
+16 1
-1 1
fe=(13)
200 1
-4 1
+5 2
-3 1
+12 1
-10 1
+1 1
cfi=(21)
cfn=(4872)
calls=1 -98 
* 10
+3 1
+7 1
fi=(30)
-50 1
fe=(13)
+43 1
+2 12
+4 2
-8 1
+1 1
+4 1
fi=(32)
46 1
fe=(13)
211 1
+12 1
fi=(30)
-69 1
fe=(13)
+60 1
+2 1
+1 1
fi=(30)
-56 1
fe=(13)
+62 6
fi=(19) /usr/src/debug/gcc/gcc/libgomp/config/posix/pool.h
39 1
+1 2
fe=(13)
157 1
+1 2
fi=(19)
42 2
cfi=(8)
cfn=(4056)
calls=1 -5 
* 184
+7 1
-6 1
+1 1
+5 1
-3 1
+1 1
+1 1
+1 1
-1 1
+1 1
cob=(2)
cfi=(2)
cfn=(4770)
calls=1 -49 
* 26
* 2
fe=(13)

fn=(5126)
949 8
+2 2
+6 2
cfi=(23)
cfn=(5116)
calls=1 132 
* 2100051
+1 3
+14 2
cfi=(21)
cfn=(5130)
calls=1 144 
* 6
+2 1
cfi=(22)
cfn=(5132)
calls=1 99 
* 9
+1 10
+2 3
+14 3
+13 2
+1 2
+4 1
+1 3
+2 1
+3 7

fn=(4874)
322 15
+17 5
+1 2
+1 1
+1 2
-1 1
+1 2
+1 1
-1 1
+1 1
+11 10
+4 1
-2 1
+2 1
-1 1
+1 1
+1 2
+1 1
+1 1
+6 1
-3 1
-3 2
+1 1
+2 1
+3 2
+4 1
+1 1
-1 2
+1 2
+3 3
+1 2
+3 5
+3 5
cfi=(22)
cfn=(4876)
calls=1 68 
* 19
+1 2
+4 1
-4 1
+1 2
+1 2
+2 2
-48 2
+53 1
-53 1
+53 3
+73 3
760 19
+99 2
-99 1
+99 3
-99 1
+4 2
+95 4
-24 7
+2 7
+14 7
-12 7
+12 7
-16 7
+1 7
+4 7
+11 7
-15 7
+2 14
+3 21
+1 14
+1 7
+2 7
-2 7
+4 7
+1 7
+2 7
-2 7
+3 7
cfi=(22)
cfn=(4876)
calls=7 68 
* 133
+1 7
+2 7
+5 21
-7 7
+1 14
+1 14
+1 7
+4 7
-4 7
+1 14
+3 7
cob=(2)
cfi=(2)
cfn=(4884)
calls=7 0 
* 7811
+3 14
-1 7
-97 35
+4 7
+3 7
-1 7
-2 7
+3 7
+95 6
+4 3
+13 2
+1 3
+17 2
+36 2
+3 16
467 3
+2 2
+2 3
fi=(20)
59 4
-1 1
fe=(13)
488 1
fi=(20)
58 1
fe=(13)
493 2
737 5
+3 2
fi=(26)
60 4
cfi=(23)
cfn=(5084)
calls=1 -5 
* 2100034
* 1
+1 1
fe=(13)
732 2
+17 2
-1 1
+10 1
505 6
-10 3
+4 1
-4 1
+2 2
cfi=(8)
cfn=(4880)
calls=1 55 
* 190
+4 2
-4 1
+4 5
+4 3
-12 2
734 2
+2 5

fl=(7)
fn=(3892)
82 2
+3 1
-3 3
+3 1
cob=(2)
cfi=(2)
cfn=(3894)
calls=1 -85 
* 526
+1 4
+5 1
cfi=(8)
cfn=(4056)
calls=1 -54 
* 402
* 1
+3 1
cob=(2)
cfi=(2)
cfn=(4178)
calls=1 -94 
* 3
* 5
+36 1
-36 2
cob=(2)
cfi=(2)
cfn=(4180)
calls=1 -94 
* 37
+6 1
-4 2
-43 3
cob=(2)
cfi=(2)
cfn=(4196)
calls=1 -53 
* 48
* 1
+47 1
+1 2
+2 1
+3 1
-3 1
+3 3
+1 745
-1 112
+3 1
+36 3
-36 4

fl=(12)
fn=(4302)
100 2
+9 1
-9 6
+5 1
fi=(28)
-62 1
fe=(12)
+62 2
+4 1
cob=(2)
cfi=(2)
cfn=(4282)
calls=1 0 
* 401
+1 4
+64 7

fl=(5)
fn=(5588)
0 9
cob=(2)
cfi=(2)
cfn=(5526)
calls=1 0 
0 76
0 1
cfn=(5596) 0x000000000000cd10
calls=1 0 
0 5
0 3

fn=(3884)
0 12

fn=(5596)
0 5

fl=(11)
fn=(4298)
328 1
+2 1
fi=(28)
43 1
fe=(11)
330 1
cfi=(10)
cfn=(4300)
calls=1 74 
* 27

fl=(23)
fn=(5086) gomp_barrier_wait_end
36 36
+1 26
fi=(24) /usr/src/debug/gcc/gcc/libgomp/config/linux/wait.h
+13 8
+2 24
+4 24
fi=(25) /usr/src/debug/gcc/gcc/libgomp/config/linux/x86/futex.h
+67 2103019
fi=(24)
-67 6309057
+1 6309060
fe=(23)
-8 21
+2 8
fi=(25)
-12 7
-1 7
+1 14
+58 14
fe=(23)
-57 2
+1 3
fi=(25)
+11 4
+59 2
fe=(23)

fn=(5084)
55 9
fi=(20)
+36 9
+1 9
+6 18
+1 36
fe=(23)
-43 9
cfn=(5086)
calls=9 -20 
* 14721336

fn=(5116)
132 8
fi=(20)
-17 8
+1 8
+2 16
fe=(23)
+17 1
fi=(20)
-16 1
fe=(23)
+16 1
+1 1
cfn=(5118) gomp_team_barrier_wait_end
calls=1 -54 
* 38
* 7
cfn=(5118)
calls=7 -54 
* 13104368

fn=(5118)
82 80
+3 16
+24 21
+12 7
fi=(24)
-71 7
+2 21
+4 21
fi=(25)
+67 1872026
fi=(24)
-67 5616078
+1 5616081
fe=(23)
+56 1
+1 2
+5 3
+2 2
+1 14
fi=(25)
-83 1
-1 1
+1 3
+58 2
fe=(23)
-8 1
+2 1
-2 1
+2 1
+1 1
+1 3
+7 1
+2 1
fi=(25)
-50 1
fe=(23)
+48 1
+1 1
+1 1
fi=(25)
-50 3
+59 2
fe=(23)

ob=(3)
fl=(3)
fn=(4344)
0 7

fn=(5602)
0 4

fn=(3908)
0 4
cob=(2)
cfi=(2)
cfn=(3910)
calls=2 0 
0 24

fn=(4276)
0 32
cob=(2)
cfi=(2)
cfn=(4260)
calls=16 0 
0 252

fn=(3794)
0 7

fn=(5550)
0 4

fn=(3840)
0 2
cob=(2)
cfi=(2)
cfn=(3842)
calls=1 0 
0 62

fn=(3880)
0 7

fn=(4536)
0 42
cob=(2)
cfi=(2)
cfn=(4538)
calls=21 0 
0 399

fn=(4278)
0 8
cob=(2)
cfi=(2)
cfn=(4244)
calls=4 0 
0 100

fn=(5576)
0 4

totals: 231288642
