desc: --massif-out-file=/home/georgekonrad/Desktop/HPC_Matrices/MultiplicaciónMatrices/profiling_results_20260427_210811/massif.out
cmd: /home/georgekonrad/Desktop/HPC_Matrices/MultiplicaciónMatrices/matrix_multiply_openmp_profile 300
time_unit: i
#-----------
snapshot=0
#-----------
time=0
mem_heap_B=0
mem_heap_extra_B=0
mem_stacks_B=0
heap_tree=empty
#-----------
snapshot=1
#-----------
time=258494
mem_heap_B=8
mem_heap_extra_B=16
mem_stacks_B=0
heap_tree=empty
#-----------
snapshot=2
#-----------
time=259558
mem_heap_B=104
mem_heap_extra_B=24
mem_stacks_B=0
heap_tree=empty
#-----------
snapshot=3
#-----------
time=269837
mem_heap_B=4200
mem_heap_extra_B=32
mem_stacks_B=0
heap_tree=empty
#-----------
snapshot=4
#-----------
time=286183
mem_heap_B=6600
mem_heap_extra_B=40
mem_stacks_B=0
heap_tree=empty
#-----------
snapshot=5
#-----------
time=288707
mem_heap_B=82200
mem_heap_extra_B=544
mem_stacks_B=0
heap_tree=empty
#-----------
snapshot=6
#-----------
time=291267
mem_heap_B=159000
mem_heap_extra_B=1056
mem_stacks_B=0
heap_tree=empty
#-----------
snapshot=7
#-----------
time=293827
mem_heap_B=235800
mem_heap_extra_B=1568
mem_stacks_B=0
heap_tree=empty
#-----------
snapshot=8
#-----------
time=296387
mem_heap_B=312600
mem_heap_extra_B=2080
mem_stacks_B=0
heap_tree=empty
#-----------
snapshot=9
#-----------
time=298327
mem_heap_B=371400
mem_heap_extra_B=2464
mem_stacks_B=0
heap_tree=empty
#-----------
snapshot=10
#-----------
time=299607
mem_heap_B=409800
mem_heap_extra_B=2720
mem_stacks_B=0
heap_tree=empty
#-----------
snapshot=11
#-----------
time=302007
mem_heap_B=481800
mem_heap_extra_B=3200
mem_stacks_B=0
heap_tree=detailed
n2: 481800 (heap allocation functions) malloc/new/new[], --alloc-fns, etc.
 n2: 472800 0x400168B: crear_matriz (matrix_multiply_openmp.c:10)
  n0: 360000 0x40011CD: main (matrix_multiply_openmp.c:79)
  n0: 112800 0x40011D7: main (matrix_multiply_openmp.c:80)
 n0: 9000 in 4 places, all below massif's threshold (1.00%)
#-----------
snapshot=12
#-----------
time=304567
mem_heap_B=558600
mem_heap_extra_B=3712
mem_stacks_B=0
heap_tree=empty
#-----------
snapshot=13
#-----------
time=305847
mem_heap_B=597000
mem_heap_extra_B=3968
mem_stacks_B=0
heap_tree=empty
#-----------
snapshot=14
#-----------
time=307127
mem_heap_B=635400
mem_heap_extra_B=4224
mem_stacks_B=0
heap_tree=empty
#-----------
snapshot=15
#-----------
time=308407
mem_heap_B=673800
mem_heap_extra_B=4480
mem_stacks_B=0
heap_tree=detailed
n2: 673800 (heap allocation functions) malloc/new/new[], --alloc-fns, etc.
 n2: 664800 0x400168B: crear_matriz (matrix_multiply_openmp.c:10)
  n0: 360000 0x40011CD: main (matrix_multiply_openmp.c:79)
  n0: 304800 0x40011D7: main (matrix_multiply_openmp.c:80)
 n0: 9000 in 4 places, all below massif's threshold (1.00%)
#-----------
snapshot=16
#-----------
time=310007
mem_heap_B=721800
mem_heap_extra_B=4800
mem_stacks_B=0
heap_tree=empty
#-----------
snapshot=17
#-----------
time=12729934
mem_heap_B=731400
mem_heap_extra_B=4856
mem_stacks_B=0
heap_tree=empty
#-----------
snapshot=18
#-----------
time=12732178
mem_heap_B=798600
mem_heap_extra_B=5304
mem_stacks_B=0
heap_tree=empty
#-----------
snapshot=19
#-----------
time=12733458
mem_heap_B=837000
mem_heap_extra_B=5560
mem_stacks_B=0
heap_tree=empty
#-----------
snapshot=20
#-----------
time=12734738
mem_heap_B=875400
mem_heap_extra_B=5816
mem_stacks_B=0
heap_tree=empty
#-----------
snapshot=21
#-----------
time=12736018
mem_heap_B=913800
mem_heap_extra_B=6072
mem_stacks_B=0
heap_tree=empty
#-----------
snapshot=22
#-----------
time=12737618
mem_heap_B=961800
mem_heap_extra_B=6392
mem_stacks_B=0
heap_tree=detailed
n3: 961800 (heap allocation functions) malloc/new/new[], --alloc-fns, etc.
 n2: 720000 0x400168B: crear_matriz (matrix_multiply_openmp.c:10)
  n0: 360000 0x40011CD: main (matrix_multiply_openmp.c:79)
  n0: 360000 0x40011D7: main (matrix_multiply_openmp.c:80)
 n1: 230400 0x40017CB: crear_matriz (matrix_multiply_openmp.c:10)
  n1: 230400 0x40017CB: multiplicar_matrices_omp (matrix_multiply_openmp.c:42)
   n0: 230400 0x4001212: main (matrix_multiply_openmp.c:89)
 n0: 11400 in 5 places, all below massif's threshold (1.00%)
#-----------
snapshot=23
#-----------
time=12738898
mem_heap_B=1000200
mem_heap_extra_B=6648
mem_stacks_B=0
heap_tree=empty
#-----------
snapshot=24
#-----------
time=12740178
mem_heap_B=1038600
mem_heap_extra_B=6904
mem_stacks_B=0
heap_tree=empty
#-----------
snapshot=25
#-----------
time=12741458
mem_heap_B=1077000
mem_heap_extra_B=7160
mem_stacks_B=0
heap_tree=empty
#-----------
snapshot=26
#-----------
time=12742834
mem_heap_B=1091592
mem_heap_extra_B=7264
mem_stacks_B=0
heap_tree=empty
#-----------
snapshot=27
#-----------
time=12744715
mem_heap_B=1095440
mem_heap_extra_B=7368
mem_stacks_B=0
heap_tree=empty
#-----------
snapshot=28
#-----------
time=16591314
mem_heap_B=1095728
mem_heap_extra_B=7376
mem_stacks_B=0
heap_tree=detailed
n3: 1095728 (heap allocation functions) malloc/new/new[], --alloc-fns, etc.
 n2: 720000 0x400168B: crear_matriz (matrix_multiply_openmp.c:10)
  n0: 360000 0x40011CD: main (matrix_multiply_openmp.c:79)
  n0: 360000 0x40011D7: main (matrix_multiply_openmp.c:80)
 n1: 360000 0x40017CB: crear_matriz (matrix_multiply_openmp.c:10)
  n1: 360000 0x40017CB: multiplicar_matrices_omp (matrix_multiply_openmp.c:42)
   n0: 360000 0x4001212: main (matrix_multiply_openmp.c:89)
 n0: 15728 in 8 places, all below massif's threshold (1.00%)
#-----------
snapshot=29
#-----------
time=19049012
mem_heap_B=1096016
mem_heap_extra_B=7384
mem_stacks_B=0
heap_tree=empty
#-----------
snapshot=30
#-----------
time=21150753
mem_heap_B=1096304
mem_heap_extra_B=7392
mem_stacks_B=0
heap_tree=empty
#-----------
snapshot=31
#-----------
time=21152661
mem_heap_B=1096880
mem_heap_extra_B=7408
mem_stacks_B=0
heap_tree=empty
#-----------
snapshot=32
#-----------
time=227034786
mem_heap_B=1096880
mem_heap_extra_B=7408
mem_stacks_B=0
heap_tree=peak
n3: 1096880 (heap allocation functions) malloc/new/new[], --alloc-fns, etc.
 n2: 720000 0x400168B: crear_matriz (matrix_multiply_openmp.c:10)
  n0: 360000 0x40011CD: main (matrix_multiply_openmp.c:79)
  n0: 360000 0x40011D7: main (matrix_multiply_openmp.c:80)
 n1: 360000 0x40017CB: crear_matriz (matrix_multiply_openmp.c:10)
  n1: 360000 0x40017CB: multiplicar_matrices_omp (matrix_multiply_openmp.c:42)
   n0: 360000 0x4001212: main (matrix_multiply_openmp.c:89)
 n0: 16880 in 8 places, all below massif's threshold (1.00%)
#-----------
snapshot=33
#-----------
time=227036066
mem_heap_B=1047680
mem_heap_extra_B=7080
mem_stacks_B=0
heap_tree=empty
#-----------
snapshot=34
#-----------
time=227037346
mem_heap_B=999680
mem_heap_extra_B=6760
mem_stacks_B=0
heap_tree=empty
#-----------
snapshot=35
#-----------
time=227038626
mem_heap_B=951680
mem_heap_extra_B=6440
mem_stacks_B=0
heap_tree=empty
#-----------
snapshot=36
#-----------
time=227039906
mem_heap_B=903680
mem_heap_extra_B=6120
mem_stacks_B=0
heap_tree=empty
#-----------
snapshot=37
#-----------
time=227041186
mem_heap_B=855680
mem_heap_extra_B=5800
mem_stacks_B=0
heap_tree=detailed
n3: 855680 (heap allocation functions) malloc/new/new[], --alloc-fns, etc.
 n2: 478800 0x400168B: crear_matriz (matrix_multiply_openmp.c:10)
  n0: 360000 0x40011D7: main (matrix_multiply_openmp.c:80)
  n0: 118800 0x40011CD: main (matrix_multiply_openmp.c:79)
 n1: 360000 0x40017CB: crear_matriz (matrix_multiply_openmp.c:10)
  n1: 360000 0x40017CB: multiplicar_matrices_omp (matrix_multiply_openmp.c:42)
   n0: 360000 0x4001212: main (matrix_multiply_openmp.c:89)
 n0: 16880 in 8 places, all below massif's threshold (1.00%)
#-----------
snapshot=38
#-----------
time=227042466
mem_heap_B=807680
mem_heap_extra_B=5480
mem_stacks_B=0
heap_tree=empty
#-----------
snapshot=39
#-----------
time=227043746
mem_heap_B=759680
mem_heap_extra_B=5160
mem_stacks_B=0
heap_tree=empty
#-----------
snapshot=40
#-----------
time=227045039
mem_heap_B=710480
mem_heap_extra_B=4840
mem_stacks_B=0
heap_tree=empty
#-----------
snapshot=41
#-----------
time=227046319
mem_heap_B=662480
mem_heap_extra_B=4520
mem_stacks_B=0
heap_tree=empty
#-----------
snapshot=42
#-----------
time=227047599
mem_heap_B=614480
mem_heap_extra_B=4200
mem_stacks_B=0
heap_tree=detailed
n3: 614480 (heap allocation functions) malloc/new/new[], --alloc-fns, etc.
 n1: 360000 0x40017CB: crear_matriz (matrix_multiply_openmp.c:10)
  n1: 360000 0x40017CB: multiplicar_matrices_omp (matrix_multiply_openmp.c:42)
   n0: 360000 0x4001212: main (matrix_multiply_openmp.c:89)
 n2: 240000 0x400168B: crear_matriz (matrix_multiply_openmp.c:10)
  n0: 240000 0x40011D7: main (matrix_multiply_openmp.c:80)
  n0: 0 in 1 place, below massif's threshold (1.00%)
 n0: 14480 in 8 places, all below massif's threshold (1.00%)
#-----------
snapshot=43
#-----------
time=227048879
mem_heap_B=566480
mem_heap_extra_B=3880
mem_stacks_B=0
heap_tree=empty
#-----------
snapshot=44
#-----------
time=227050159
mem_heap_B=518480
mem_heap_extra_B=3560
mem_stacks_B=0
heap_tree=empty
#-----------
snapshot=45
#-----------
time=227051439
mem_heap_B=470480
mem_heap_extra_B=3240
mem_stacks_B=0
heap_tree=empty
#-----------
snapshot=46
#-----------
time=227052719
mem_heap_B=422480
mem_heap_extra_B=2920
mem_stacks_B=0
heap_tree=empty
#-----------
snapshot=47
#-----------
time=227054652
mem_heap_B=349280
mem_heap_extra_B=2440
mem_stacks_B=0
heap_tree=empty
#-----------
snapshot=48
#-----------
time=227055932
mem_heap_B=301280
mem_heap_extra_B=2120
mem_stacks_B=0
heap_tree=empty
#-----------
snapshot=49
#-----------
time=227057212
mem_heap_B=253280
mem_heap_extra_B=1800
mem_stacks_B=0
heap_tree=empty
#-----------
snapshot=50
#-----------
time=227058300
mem_heap_B=212480
mem_heap_extra_B=1528
mem_stacks_B=0
heap_tree=empty
#-----------
snapshot=51
#-----------
time=227059388
mem_heap_B=171680
mem_heap_extra_B=1256
mem_stacks_B=0
heap_tree=empty
#-----------
snapshot=52
#-----------
time=227060476
mem_heap_B=130880
mem_heap_extra_B=984
mem_stacks_B=0
heap_tree=empty
#-----------
snapshot=53
#-----------
time=227061564
mem_heap_B=90080
mem_heap_extra_B=712
mem_stacks_B=0
heap_tree=empty
#-----------
snapshot=54
#-----------
time=227062652
mem_heap_B=49280
mem_heap_extra_B=440
mem_stacks_B=0
heap_tree=detailed
n6: 49280 (heap allocation functions) malloc/new/new[], --alloc-fns, etc.
 n1: 37200 0x40017CB: crear_matriz (matrix_multiply_openmp.c:10)
  n1: 37200 0x40017CB: multiplicar_matrices_omp (matrix_multiply_openmp.c:42)
   n0: 37200 0x4001212: main (matrix_multiply_openmp.c:89)
 n1: 4096 0x495A15C: _IO_file_doallocate (in /usr/lib/libc.so.6)
  n1: 4096 0x496A405: _IO_doallocbuf (in /usr/lib/libc.so.6)
   n1: 4096 0x4968278: _IO_file_overflow (in /usr/lib/libc.so.6)
    n1: 4096 0x4968E9A: _IO_file_xsputn (in /usr/lib/libc.so.6)
     n1: 4096 0x495CE79: puts (in /usr/lib/libc.so.6)
      n0: 4096 0x4001191: main (matrix_multiply_openmp.c:72)
 n1: 3200 0x4892EA1: gomp_aligned_alloc (alloc.c:71)
  n1: 3200 0x48A77B1: gomp_new_team (team.c:181)
   n1: 3200 0x489D54C: GOMP_parallel (parallel.c:176)
    n1: 3200 0x4001802: multiplicar_matrices_omp (matrix_multiply_openmp.c:44)
     n0: 3200 0x4001212: main (matrix_multiply_openmp.c:89)
 n1: 2400 0x40017A6: crear_matriz (matrix_multiply_openmp.c:8)
  n1: 2400 0x40017A6: multiplicar_matrices_omp (matrix_multiply_openmp.c:42)
   n0: 2400 0x4001212: main (matrix_multiply_openmp.c:89)
 n1: 2016 0x4017E9F: ??? (in /usr/lib/ld-linux-x86-64.so.2)
  n1: 2016 0x4018931: _dl_allocate_tls (in /usr/lib/ld-linux-x86-64.so.2)
   n1: 2016 0x4971772: pthread_create (in /usr/lib/libc.so.6)
    n1: 2016 0x48A7D9B: gomp_team_start (team.c:859)
     n1: 2016 0x489D563: GOMP_parallel (parallel.c:176)
      n1: 2016 0x4001802: multiplicar_matrices_omp (matrix_multiply_openmp.c:44)
       n0: 2016 0x4001212: main (matrix_multiply_openmp.c:89)
 n0: 368 in 5 places, all below massif's threshold (1.00%)
#-----------
snapshot=55
#-----------
time=241767627
mem_heap_B=5584
mem_heap_extra_B=176
mem_stacks_B=0
heap_tree=empty
